  [1m[36m (1.2ms)[0m  [1mCREATE TABLE "schema_migrations" ("version" varchar NOT NULL) [0m
  [1m[35m (0.0ms)[0m  select sqlite_version(*)
  [1m[36m (1.0ms)[0m  [1mCREATE UNIQUE INDEX "unique_schema_migrations" ON "schema_migrations" ("version")[0m
  [1m[35mActiveRecord::SchemaMigration Load (0.1ms)[0m  SELECT "schema_migrations".* FROM "schema_migrations"
  [1m[36mActiveRecord::SchemaMigration Load (0.1ms)[0m  [1mSELECT "schema_migrations".* FROM "schema_migrations"[0m
Migrating to CreatePosts (20151230232412)
  [1m[35m (0.1ms)[0m  begin transaction
  [1m[36m (0.4ms)[0m  [1mCREATE TABLE "posts" ("id" INTEGER PRIMARY KEY AUTOINCREMENT NOT NULL, "title" varchar, "description" text, "created_at" datetime NOT NULL, "updated_at" datetime NOT NULL) [0m
  [1m[35mSQL (0.2ms)[0m  INSERT INTO "schema_migrations" ("version") VALUES (?)  [["version", "20151230232412"]]
  [1m[36m (1.3ms)[0m  [1mcommit transaction[0m
  [1m[35mActiveRecord::SchemaMigration Load (0.1ms)[0m  SELECT "schema_migrations".* FROM "schema_migrations"


Started GET "/posts/new" for ::1 at 2015-12-30 20:30:31 -0600
  [1m[36mActiveRecord::SchemaMigration Load (0.1ms)[0m  [1mSELECT "schema_migrations".* FROM "schema_migrations"[0m
Processing by PostsController#new as HTML
  Rendered posts/new.html.erb within layouts/application (2.7ms)
Completed 200 OK in 393ms (Views: 383.8ms | ActiveRecord: 0.0ms)


Started POST "/posts" for ::1 at 2015-12-30 20:30:37 -0600
Processing by PostsController#create as HTML
  Parameters: {"utf8"=>"✓", "authenticity_token"=>"Hjp1RiR9ya6iFqkxVbwpk4S8rTowSYfUHBxQZzKCrcwuqlFxP2gFlrxGWRZYDnx9U/sdURHTMwpX6/wSjx76KQ==", "title"=>"Rails Introduction Quiz", "description"=>"asdfasd", "commit"=>"Submit Post"}
Redirected to http://localhost:3000/posts/new
Completed 302 Found in 1ms (ActiveRecord: 0.0ms)


Started GET "/posts/new" for ::1 at 2015-12-30 20:30:37 -0600
Processing by PostsController#new as HTML
  Rendered posts/new.html.erb within layouts/application (0.4ms)
Completed 200 OK in 10ms (Views: 9.0ms | ActiveRecord: 0.0ms)


Started GET "/posts/new?someting=asdafdas" for ::1 at 2015-12-30 20:33:34 -0600
Processing by PostsController#new as HTML
  Parameters: {"someting"=>"asdafdas"}
  Rendered posts/new.html.erb within layouts/application (0.3ms)
Completed 200 OK in 9ms (Views: 8.1ms | ActiveRecord: 0.0ms)


Started GET "/posts/new?someting=asdafdas" for ::1 at 2015-12-30 20:40:29 -0600
Processing by PostsController#new as HTML
  Parameters: {"someting"=>"asdafdas"}
  Rendered posts/new.html.erb within layouts/application (0.4ms)
Completed 200 OK in 10ms (Views: 9.6ms | ActiveRecord: 0.0ms)


Started GET "/assets/application.self-e80e8f2318043e8af94dddc2adad5a4f09739a8ebb323b3ab31cd71d45fd9113.css?body=1" for ::1 at 2015-12-30 20:40:29 -0600


Started GET "/assets/jquery_ujs.self-d456baa54c1fa6be2ec3711f0a72ddf7a5b2f34a6b4f515f33767d6207b7d4b3.js?body=1" for ::1 at 2015-12-30 20:40:29 -0600


Started GET "/assets/jquery.self-a714331225dda820228db323939889f149aec0127aeb06255646b616ba1ca419.js?body=1" for ::1 at 2015-12-30 20:40:29 -0600


Started GET "/assets/application.self-3b8dabdc891efe46b9a144b400ad69e37d7e5876bdc39dee783419a69d7ca819.js?body=1" for ::1 at 2015-12-30 20:40:29 -0600


Started GET "/assets/turbolinks.self-c37727e9bd6b2735da5c311aa83fead54ed0be6cc8bd9a65309e9c5abe2cbfff.js?body=1" for ::1 at 2015-12-30 20:40:29 -0600


Started GET "/posts/new" for ::1 at 2015-12-30 20:40:37 -0600
Processing by PostsController#new as HTML
  Rendered posts/new.html.erb within layouts/application (0.4ms)
Completed 200 OK in 10ms (Views: 9.3ms | ActiveRecord: 0.0ms)


Started POST "/posts" for ::1 at 2015-12-30 20:40:55 -0600
Processing by PostsController#create as HTML
  Parameters: {"utf8"=>"✓", "authenticity_token"=>"8wEmAU4QXBwNFcOKOvFNuQeQp8Yq4xHFehAkMFbvryDDkQI2VQWQJBNFM603QxhX0NcXrQt5pRsx54hF63P4xQ==", "title"=>"Rails Introduction Quiz", "description"=>"asdfasdfasd", "commit"=>"Submit Post"}
Redirected to http://localhost:3000/posts/new
Completed 302 Found in 1ms (ActiveRecord: 0.0ms)


Started GET "/posts/new" for ::1 at 2015-12-30 20:40:55 -0600
Processing by PostsController#new as HTML
  Rendered posts/new.html.erb within layouts/application (0.3ms)
Completed 200 OK in 8ms (Views: 6.9ms | ActiveRecord: 0.0ms)


Started GET "/posts/new" for ::1 at 2015-12-30 20:41:09 -0600
Processing by PostsController#new as HTML
  Rendered posts/new.html.erb within layouts/application (0.4ms)
Completed 200 OK in 10ms (Views: 8.9ms | ActiveRecord: 0.0ms)


Started GET "/assets/application.self-e80e8f2318043e8af94dddc2adad5a4f09739a8ebb323b3ab31cd71d45fd9113.css?body=1" for ::1 at 2015-12-30 20:41:09 -0600


Started GET "/assets/turbolinks.self-c37727e9bd6b2735da5c311aa83fead54ed0be6cc8bd9a65309e9c5abe2cbfff.js?body=1" for ::1 at 2015-12-30 20:41:09 -0600


Started GET "/assets/jquery_ujs.self-d456baa54c1fa6be2ec3711f0a72ddf7a5b2f34a6b4f515f33767d6207b7d4b3.js?body=1" for ::1 at 2015-12-30 20:41:09 -0600


Started GET "/assets/jquery.self-a714331225dda820228db323939889f149aec0127aeb06255646b616ba1ca419.js?body=1" for ::1 at 2015-12-30 20:41:09 -0600


Started GET "/assets/application.self-3b8dabdc891efe46b9a144b400ad69e37d7e5876bdc39dee783419a69d7ca819.js?body=1" for ::1 at 2015-12-30 20:41:09 -0600


Started POST "/posts" for ::1 at 2015-12-30 20:41:12 -0600
Processing by PostsController#create as HTML
  Parameters: {"utf8"=>"✓", "authenticity_token"=>"wM0kUAuTuVVs64yO9C+2FgVExLWEkXYBL4fHjMvdHb/wXQBnEIZ1bXK7fKn5neP40gN03qULwt9kcGv5dkFKWg==", "title"=>"Rails Introduction Quiz", "description"=>"asdf", "commit"=>"Submit Post"}
Redirected to http://localhost:3000/posts/new?post%5Baction%5D=create&post%5Bauthenticity_token%5D=wM0kUAuTuVVs64yO9C%2B2FgVExLWEkXYBL4fHjMvdHb%2FwXQBnEIZ1bXK7fKn5neP40gN03qULwt9kcGv5dkFKWg%3D%3D&post%5Bcommit%5D=Submit+Post&post%5Bcontroller%5D=posts&post%5Bdescription%5D=asdf&post%5Btitle%5D=Rails+Introduction+Quiz&post%5Butf8%5D=%E2%9C%93
Completed 302 Found in 1ms (ActiveRecord: 0.0ms)


Started GET "/posts/new?post%5Baction%5D=create&post%5Bauthenticity_token%5D=wM0kUAuTuVVs64yO9C%2B2FgVExLWEkXYBL4fHjMvdHb%2FwXQBnEIZ1bXK7fKn5neP40gN03qULwt9kcGv5dkFKWg%3D%3D&post%5Bcommit%5D=Submit+Post&post%5Bcontroller%5D=posts&post%5Bdescription%5D=asdf&post%5Btitle%5D=Rails+Introduction+Quiz&post%5Butf8%5D=%E2%9C%93" for ::1 at 2015-12-30 20:41:12 -0600
Processing by PostsController#new as HTML
  Parameters: {"post"=>{"action"=>"create", "authenticity_token"=>"wM0kUAuTuVVs64yO9C+2FgVExLWEkXYBL4fHjMvdHb/wXQBnEIZ1bXK7fKn5neP40gN03qULwt9kcGv5dkFKWg==", "commit"=>"Submit Post", "controller"=>"posts", "description"=>"asdf", "title"=>"Rails Introduction Quiz", "utf8"=>"✓"}}
  Rendered posts/new.html.erb within layouts/application (0.3ms)
Completed 200 OK in 8ms (Views: 7.2ms | ActiveRecord: 0.0ms)


Started GET "/students" for ::1 at 2016-08-20 16:31:48 -0400
  [1m[36mActiveRecord::SchemaMigration Load (0.1ms)[0m  [1mSELECT "schema_migrations".* FROM "schema_migrations"[0m

ActionController::RoutingError (No route matches [GET] "/students"):
  actionpack (4.2.5) lib/action_dispatch/middleware/debug_exceptions.rb:21:in `call'
  web-console (2.2.1) lib/web_console/middleware.rb:39:in `call'
  actionpack (4.2.5) lib/action_dispatch/middleware/show_exceptions.rb:30:in `call'
  railties (4.2.5) lib/rails/rack/logger.rb:38:in `call_app'
  railties (4.2.5) lib/rails/rack/logger.rb:20:in `block in call'
  activesupport (4.2.5) lib/active_support/tagged_logging.rb:68:in `block in tagged'
  activesupport (4.2.5) lib/active_support/tagged_logging.rb:26:in `tagged'
  activesupport (4.2.5) lib/active_support/tagged_logging.rb:68:in `tagged'
  railties (4.2.5) lib/rails/rack/logger.rb:20:in `call'
  actionpack (4.2.5) lib/action_dispatch/middleware/request_id.rb:21:in `call'
  rack (1.6.4) lib/rack/methodoverride.rb:22:in `call'
  rack (1.6.4) lib/rack/runtime.rb:18:in `call'
  activesupport (4.2.5) lib/active_support/cache/strategy/local_cache_middleware.rb:28:in `call'
  rack (1.6.4) lib/rack/lock.rb:17:in `call'
  actionpack (4.2.5) lib/action_dispatch/middleware/static.rb:116:in `call'
  rack (1.6.4) lib/rack/sendfile.rb:113:in `call'
  railties (4.2.5) lib/rails/engine.rb:518:in `call'
  railties (4.2.5) lib/rails/application.rb:165:in `call'
  rack (1.6.4) lib/rack/lock.rb:17:in `call'
  rack (1.6.4) lib/rack/content_length.rb:15:in `call'
  rack (1.6.4) lib/rack/handler/webrick.rb:88:in `service'
  /Users/veronicali/.rvm/rubies/ruby-2.2.3/lib/ruby/2.2.0/webrick/httpserver.rb:138:in `service'
  /Users/veronicali/.rvm/rubies/ruby-2.2.3/lib/ruby/2.2.0/webrick/httpserver.rb:94:in `run'
  /Users/veronicali/.rvm/rubies/ruby-2.2.3/lib/ruby/2.2.0/webrick/server.rb:294:in `block in start_thread'


  Rendered /Users/veronicali/.rvm/gems/ruby-2.2.3/gems/actionpack-4.2.5/lib/action_dispatch/middleware/templates/rescues/_trace.html.erb (2.3ms)
  Rendered /Users/veronicali/.rvm/gems/ruby-2.2.3/gems/actionpack-4.2.5/lib/action_dispatch/middleware/templates/routes/_route.html.erb (0.7ms)
  Rendered /Users/veronicali/.rvm/gems/ruby-2.2.3/gems/actionpack-4.2.5/lib/action_dispatch/middleware/templates/routes/_table.html.erb (9.3ms)
  Rendered /Users/veronicali/.rvm/gems/ruby-2.2.3/gems/actionpack-4.2.5/lib/action_dispatch/middleware/templates/rescues/_request_and_response.html.erb (9.4ms)
  Rendered /Users/veronicali/.rvm/gems/ruby-2.2.3/gems/actionpack-4.2.5/lib/action_dispatch/middleware/templates/rescues/routing_error.html.erb within rescues/layout (88.5ms)
  Rendered /Users/veronicali/.rvm/gems/ruby-2.2.3/gems/web-console-2.2.1/lib/web_console/templates/_markup.html.erb (0.9ms)
  Rendered /Users/veronicali/.rvm/gems/ruby-2.2.3/gems/web-console-2.2.1/lib/web_console/templates/_inner_console_markup.html.erb within layouts/inlined_string (1.0ms)
  Rendered /Users/veronicali/.rvm/gems/ruby-2.2.3/gems/web-console-2.2.1/lib/web_console/templates/_prompt_box_markup.html.erb within layouts/inlined_string (0.3ms)
  Rendered /Users/veronicali/.rvm/gems/ruby-2.2.3/gems/web-console-2.2.1/lib/web_console/templates/style.css.erb within layouts/inlined_string (0.3ms)
  Rendered /Users/veronicali/.rvm/gems/ruby-2.2.3/gems/web-console-2.2.1/lib/web_console/templates/console.js.erb within layouts/javascript (48.8ms)
  Rendered /Users/veronicali/.rvm/gems/ruby-2.2.3/gems/web-console-2.2.1/lib/web_console/templates/main.js.erb within layouts/javascript (0.4ms)
  Rendered /Users/veronicali/.rvm/gems/ruby-2.2.3/gems/web-console-2.2.1/lib/web_console/templates/error_page.js.erb within layouts/javascript (0.4ms)
  Rendered /Users/veronicali/.rvm/gems/ruby-2.2.3/gems/web-console-2.2.1/lib/web_console/templates/index.html.erb (109.4ms)


Started GET "/posts" for ::1 at 2016-08-20 16:31:54 -0400

AbstractController::ActionNotFound (The action 'index' could not be found for PostsController):
  actionpack (4.2.5) lib/abstract_controller/base.rb:132:in `process'
  actionview (4.2.5) lib/action_view/rendering.rb:30:in `process'
  actionpack (4.2.5) lib/action_controller/metal.rb:196:in `dispatch'
  actionpack (4.2.5) lib/action_controller/metal/rack_delegation.rb:13:in `dispatch'
  actionpack (4.2.5) lib/action_controller/metal.rb:237:in `block in action'
  actionpack (4.2.5) lib/action_dispatch/routing/route_set.rb:76:in `call'
  actionpack (4.2.5) lib/action_dispatch/routing/route_set.rb:76:in `dispatch'
  actionpack (4.2.5) lib/action_dispatch/routing/route_set.rb:45:in `serve'
  actionpack (4.2.5) lib/action_dispatch/journey/router.rb:43:in `block in serve'
  actionpack (4.2.5) lib/action_dispatch/journey/router.rb:30:in `each'
  actionpack (4.2.5) lib/action_dispatch/journey/router.rb:30:in `serve'
  actionpack (4.2.5) lib/action_dispatch/routing/route_set.rb:817:in `call'
  rack (1.6.4) lib/rack/etag.rb:24:in `call'
  rack (1.6.4) lib/rack/conditionalget.rb:25:in `call'
  rack (1.6.4) lib/rack/head.rb:13:in `call'
  actionpack (4.2.5) lib/action_dispatch/middleware/params_parser.rb:27:in `call'
  actionpack (4.2.5) lib/action_dispatch/middleware/flash.rb:260:in `call'
  rack (1.6.4) lib/rack/session/abstract/id.rb:225:in `context'
  rack (1.6.4) lib/rack/session/abstract/id.rb:220:in `call'
  actionpack (4.2.5) lib/action_dispatch/middleware/cookies.rb:560:in `call'
  activerecord (4.2.5) lib/active_record/query_cache.rb:36:in `call'
  activerecord (4.2.5) lib/active_record/connection_adapters/abstract/connection_pool.rb:653:in `call'
  activerecord (4.2.5) lib/active_record/migration.rb:377:in `call'
  actionpack (4.2.5) lib/action_dispatch/middleware/callbacks.rb:29:in `block in call'
  activesupport (4.2.5) lib/active_support/callbacks.rb:88:in `__run_callbacks__'
  activesupport (4.2.5) lib/active_support/callbacks.rb:778:in `_run_call_callbacks'
  activesupport (4.2.5) lib/active_support/callbacks.rb:81:in `run_callbacks'
  actionpack (4.2.5) lib/action_dispatch/middleware/callbacks.rb:27:in `call'
  actionpack (4.2.5) lib/action_dispatch/middleware/reloader.rb:73:in `call'
  actionpack (4.2.5) lib/action_dispatch/middleware/remote_ip.rb:78:in `call'
  actionpack (4.2.5) lib/action_dispatch/middleware/debug_exceptions.rb:17:in `call'
  web-console (2.2.1) lib/web_console/middleware.rb:39:in `call'
  actionpack (4.2.5) lib/action_dispatch/middleware/show_exceptions.rb:30:in `call'
  railties (4.2.5) lib/rails/rack/logger.rb:38:in `call_app'
  railties (4.2.5) lib/rails/rack/logger.rb:20:in `block in call'
  activesupport (4.2.5) lib/active_support/tagged_logging.rb:68:in `block in tagged'
  activesupport (4.2.5) lib/active_support/tagged_logging.rb:26:in `tagged'
  activesupport (4.2.5) lib/active_support/tagged_logging.rb:68:in `tagged'
  railties (4.2.5) lib/rails/rack/logger.rb:20:in `call'
  actionpack (4.2.5) lib/action_dispatch/middleware/request_id.rb:21:in `call'
  rack (1.6.4) lib/rack/methodoverride.rb:22:in `call'
  rack (1.6.4) lib/rack/runtime.rb:18:in `call'
  activesupport (4.2.5) lib/active_support/cache/strategy/local_cache_middleware.rb:28:in `call'
  rack (1.6.4) lib/rack/lock.rb:17:in `call'
  actionpack (4.2.5) lib/action_dispatch/middleware/static.rb:116:in `call'
  rack (1.6.4) lib/rack/sendfile.rb:113:in `call'
  railties (4.2.5) lib/rails/engine.rb:518:in `call'
  railties (4.2.5) lib/rails/application.rb:165:in `call'
  rack (1.6.4) lib/rack/lock.rb:17:in `call'
  rack (1.6.4) lib/rack/content_length.rb:15:in `call'
  rack (1.6.4) lib/rack/handler/webrick.rb:88:in `service'
  /Users/veronicali/.rvm/rubies/ruby-2.2.3/lib/ruby/2.2.0/webrick/httpserver.rb:138:in `service'
  /Users/veronicali/.rvm/rubies/ruby-2.2.3/lib/ruby/2.2.0/webrick/httpserver.rb:94:in `run'
  /Users/veronicali/.rvm/rubies/ruby-2.2.3/lib/ruby/2.2.0/webrick/server.rb:294:in `block in start_thread'


  Rendered /Users/veronicali/.rvm/gems/ruby-2.2.3/gems/actionpack-4.2.5/lib/action_dispatch/middleware/templates/rescues/unknown_action.html.erb within rescues/layout (0.4ms)
  Rendered /Users/veronicali/.rvm/gems/ruby-2.2.3/gems/web-console-2.2.1/lib/web_console/templates/_markup.html.erb (0.3ms)
  Rendered /Users/veronicali/.rvm/gems/ruby-2.2.3/gems/web-console-2.2.1/lib/web_console/templates/_inner_console_markup.html.erb within layouts/inlined_string (0.3ms)
  Rendered /Users/veronicali/.rvm/gems/ruby-2.2.3/gems/web-console-2.2.1/lib/web_console/templates/_prompt_box_markup.html.erb within layouts/inlined_string (0.3ms)
  Rendered /Users/veronicali/.rvm/gems/ruby-2.2.3/gems/web-console-2.2.1/lib/web_console/templates/style.css.erb within layouts/inlined_string (0.4ms)
  Rendered /Users/veronicali/.rvm/gems/ruby-2.2.3/gems/web-console-2.2.1/lib/web_console/templates/console.js.erb within layouts/javascript (39.9ms)
  Rendered /Users/veronicali/.rvm/gems/ruby-2.2.3/gems/web-console-2.2.1/lib/web_console/templates/main.js.erb within layouts/javascript (0.6ms)
  Rendered /Users/veronicali/.rvm/gems/ruby-2.2.3/gems/web-console-2.2.1/lib/web_console/templates/error_page.js.erb within layouts/javascript (0.4ms)
  Rendered /Users/veronicali/.rvm/gems/ruby-2.2.3/gems/web-console-2.2.1/lib/web_console/templates/index.html.erb (89.9ms)


Started GET "/posts/new" for ::1 at 2016-08-20 16:31:59 -0400
Processing by PostsController#new as HTML
  Rendered posts/new.html.erb within layouts/application (0.4ms)
Completed 200 OK in 484ms (Views: 483.4ms | ActiveRecord: 0.0ms)


Started GET "/posts/new" for ::1 at 2016-08-20 16:31:59 -0400
Processing by PostsController#new as HTML
  Rendered posts/new.html.erb within layouts/application (0.1ms)
Completed 200 OK in 21ms (Views: 20.0ms | ActiveRecord: 0.0ms)


Started GET "/posts/new?post_title=Title+1&post_description=Description+1" for ::1 at 2016-08-20 16:32:28 -0400
Processing by PostsController#new as HTML
  Parameters: {"post_title"=>"Title 1", "post_description"=>"Description 1"}
  Rendered posts/new.html.erb within layouts/application (0.1ms)
Completed 200 OK in 25ms (Views: 23.8ms | ActiveRecord: 0.0ms)


Started GET "/posts/new?post_title=Title+1&post_description=Description+1" for ::1 at 2016-08-20 16:33:56 -0400
Processing by PostsController#new as HTML
  Parameters: {"post_title"=>"Title 1", "post_description"=>"Description 1"}
  Rendered posts/new.html.erb within layouts/application (0.8ms)
Completed 200 OK in 23ms (Views: 21.3ms | ActiveRecord: 0.0ms)


Started GET "/posts/new?post%5Bpost_title%5D=Title+2&post_description=Desc+2" for ::1 at 2016-08-20 16:34:39 -0400
Processing by PostsController#new as HTML
  Parameters: {"post"=>{"post_title"=>"Title 2"}, "post_description"=>"Desc 2"}
  Rendered posts/new.html.erb within layouts/application (2.4ms)
Completed 200 OK in 23ms (Views: 22.3ms | ActiveRecord: 0.0ms)


Started GET "/posts/new?post%5Bpost_title%5D=Title+3&post_description=Desc+3" for ::1 at 2016-08-20 16:35:02 -0400
Processing by PostsController#new as HTML
  Parameters: {"post"=>{"post_title"=>"Title 3"}, "post_description"=>"Desc 3"}
  Rendered posts/new.html.erb within layouts/application (0.7ms)
Completed 200 OK in 20ms (Views: 19.0ms | ActiveRecord: 0.0ms)


Started GET "/posts/new?post%5Bpost_title%5D=Title+4&post_description=Desc+4" for ::1 at 2016-08-20 16:35:37 -0400
Processing by PostsController#new as HTML
  Parameters: {"post"=>{"post_title"=>"Title 4"}, "post_description"=>"Desc 4"}
  Rendered posts/new.html.erb within layouts/application (0.4ms)
Completed 200 OK in 18ms (Views: 17.4ms | ActiveRecord: 0.0ms)


Started GET "/posts/new?post_title=Title+5&post_description=Desc+5" for ::1 at 2016-08-20 16:36:03 -0400
Processing by PostsController#new as HTML
  Parameters: {"post_title"=>"Title 5", "post_description"=>"Desc 5"}
  Rendered posts/new.html.erb within layouts/application (1.1ms)
Completed 200 OK in 16ms (Views: 14.7ms | ActiveRecord: 0.0ms)


Started GET "/posts/new?post_title=Title+5&post_description=Desc+5" for ::1 at 2016-08-20 17:31:00 -0400
  [1m[36mActiveRecord::SchemaMigration Load (0.1ms)[0m  [1mSELECT "schema_migrations".* FROM "schema_migrations"[0m
Processing by PostsController#new as HTML
  Parameters: {"post_title"=>"Title 5", "post_description"=>"Desc 5"}
  Rendered posts/new.html.erb within layouts/application (3.0ms)
Completed 200 OK in 205ms (Views: 196.5ms | ActiveRecord: 0.0ms)


Started GET "/posts/new" for ::1 at 2016-08-20 17:31:15 -0400
Processing by PostsController#new as HTML
  Rendered posts/new.html.erb within layouts/application (0.2ms)
Completed 200 OK in 11ms (Views: 10.9ms | ActiveRecord: 0.0ms)


Started GET "/posts/new?post_title=Title+6&post_description=Desc+6&authenticity_token=VT3sX7Bn3%2Bsi7vXUXjIUBSCtx6p%2BQoPXz6syvXT1C02d3VgY2QOaJpUgQrzj2izfVVzW%2FK7i61qv4JlWAi5LsA%3D%3D" for ::1 at 2016-08-20 17:31:25 -0400
Processing by PostsController#new as HTML
  Parameters: {"post_title"=>"Title 6", "post_description"=>"Desc 6", "authenticity_token"=>"VT3sX7Bn3+si7vXUXjIUBSCtx6p+QoPXz6syvXT1C02d3VgY2QOaJpUgQrzj2izfVVzW/K7i61qv4JlWAi5LsA=="}
  Rendered posts/new.html.erb within layouts/application (0.2ms)
Completed 200 OK in 14ms (Views: 13.9ms | ActiveRecord: 0.0ms)


Started GET "/posts/new" for ::1 at 2016-08-20 17:36:02 -0400
Processing by PostsController#new as HTML
  Rendered posts/new.html.erb within layouts/application (0.2ms)
Completed 200 OK in 14ms (Views: 13.6ms | ActiveRecord: 0.0ms)


Started GET "/posts/new?post_title=Title+7&post_description=Desc+7&authenticity_token=6KZw7ZgBLL3%2BSN%2F8Bd4KexYIcXLi86gNRjJFpcmeX4sgRsSq8WVpcEmGaJS4NjKhY%2FlgJDJTwIAmee5Ov0Ufdg%3D%3D" for ::1 at 2016-08-20 17:36:37 -0400
Processing by PostsController#new as HTML
  Parameters: {"post_title"=>"Title 7", "post_description"=>"Desc 7", "authenticity_token"=>"6KZw7ZgBLL3+SN/8Bd4KexYIcXLi86gNRjJFpcmeX4sgRsSq8WVpcEmGaJS4NjKhY/lgJDJTwIAmee5Ov0Ufdg=="}
  Rendered posts/new.html.erb within layouts/application (2.2ms)
Completed 200 OK in 28ms (Views: 27.3ms | ActiveRecord: 0.0ms)


Started GET "/posts/new" for ::1 at 2016-08-20 17:36:48 -0400
Processing by PostsController#new as HTML
  Rendered posts/new.html.erb within layouts/application (0.9ms)
Completed 200 OK in 19ms (Views: 18.4ms | ActiveRecord: 0.0ms)


Started GET "/posts/new?post_title=Title+8&post_description=Desc+8" for ::1 at 2016-08-20 17:36:56 -0400
Processing by PostsController#new as HTML
  Parameters: {"post_title"=>"Title 8", "post_description"=>"Desc 8"}
  Rendered posts/new.html.erb within layouts/application (0.5ms)
Completed 200 OK in 19ms (Views: 17.5ms | ActiveRecord: 0.0ms)


Started GET "/posts/new" for ::1 at 2016-08-20 17:37:27 -0400
Processing by PostsController#new as HTML
  Rendered posts/new.html.erb within layouts/application (0.7ms)
Completed 200 OK in 20ms (Views: 19.0ms | ActiveRecord: 0.0ms)


Started GET "/posts/new" for ::1 at 2016-08-20 17:38:36 -0400
  [1m[36mActiveRecord::SchemaMigration Load (0.1ms)[0m  [1mSELECT "schema_migrations".* FROM "schema_migrations"[0m
Processing by PostsController#new as HTML
  Rendered posts/new.html.erb within layouts/application (3.6ms)
Completed 200 OK in 211ms (Views: 202.4ms | ActiveRecord: 0.0ms)


Started GET "/posts" for ::1 at 2016-08-20 17:38:39 -0400

AbstractController::ActionNotFound (The action 'index' could not be found for PostsController):
  actionpack (4.2.5) lib/abstract_controller/base.rb:132:in `process'
  actionview (4.2.5) lib/action_view/rendering.rb:30:in `process'
  actionpack (4.2.5) lib/action_controller/metal.rb:196:in `dispatch'
  actionpack (4.2.5) lib/action_controller/metal/rack_delegation.rb:13:in `dispatch'
  actionpack (4.2.5) lib/action_controller/metal.rb:237:in `block in action'
  actionpack (4.2.5) lib/action_dispatch/routing/route_set.rb:76:in `call'
  actionpack (4.2.5) lib/action_dispatch/routing/route_set.rb:76:in `dispatch'
  actionpack (4.2.5) lib/action_dispatch/routing/route_set.rb:45:in `serve'
  actionpack (4.2.5) lib/action_dispatch/journey/router.rb:43:in `block in serve'
  actionpack (4.2.5) lib/action_dispatch/journey/router.rb:30:in `each'
  actionpack (4.2.5) lib/action_dispatch/journey/router.rb:30:in `serve'
  actionpack (4.2.5) lib/action_dispatch/routing/route_set.rb:817:in `call'
  rack (1.6.4) lib/rack/etag.rb:24:in `call'
  rack (1.6.4) lib/rack/conditionalget.rb:25:in `call'
  rack (1.6.4) lib/rack/head.rb:13:in `call'
  actionpack (4.2.5) lib/action_dispatch/middleware/params_parser.rb:27:in `call'
  actionpack (4.2.5) lib/action_dispatch/middleware/flash.rb:260:in `call'
  rack (1.6.4) lib/rack/session/abstract/id.rb:225:in `context'
  rack (1.6.4) lib/rack/session/abstract/id.rb:220:in `call'
  actionpack (4.2.5) lib/action_dispatch/middleware/cookies.rb:560:in `call'
  activerecord (4.2.5) lib/active_record/query_cache.rb:36:in `call'
  activerecord (4.2.5) lib/active_record/connection_adapters/abstract/connection_pool.rb:653:in `call'
  activerecord (4.2.5) lib/active_record/migration.rb:377:in `call'
  actionpack (4.2.5) lib/action_dispatch/middleware/callbacks.rb:29:in `block in call'
  activesupport (4.2.5) lib/active_support/callbacks.rb:88:in `__run_callbacks__'
  activesupport (4.2.5) lib/active_support/callbacks.rb:778:in `_run_call_callbacks'
  activesupport (4.2.5) lib/active_support/callbacks.rb:81:in `run_callbacks'
  actionpack (4.2.5) lib/action_dispatch/middleware/callbacks.rb:27:in `call'
  actionpack (4.2.5) lib/action_dispatch/middleware/reloader.rb:73:in `call'
  actionpack (4.2.5) lib/action_dispatch/middleware/remote_ip.rb:78:in `call'
  actionpack (4.2.5) lib/action_dispatch/middleware/debug_exceptions.rb:17:in `call'
  web-console (2.2.1) lib/web_console/middleware.rb:39:in `call'
  actionpack (4.2.5) lib/action_dispatch/middleware/show_exceptions.rb:30:in `call'
  railties (4.2.5) lib/rails/rack/logger.rb:38:in `call_app'
  railties (4.2.5) lib/rails/rack/logger.rb:20:in `block in call'
  activesupport (4.2.5) lib/active_support/tagged_logging.rb:68:in `block in tagged'
  activesupport (4.2.5) lib/active_support/tagged_logging.rb:26:in `tagged'
  activesupport (4.2.5) lib/active_support/tagged_logging.rb:68:in `tagged'
  railties (4.2.5) lib/rails/rack/logger.rb:20:in `call'
  actionpack (4.2.5) lib/action_dispatch/middleware/request_id.rb:21:in `call'
  rack (1.6.4) lib/rack/methodoverride.rb:22:in `call'
  rack (1.6.4) lib/rack/runtime.rb:18:in `call'
  activesupport (4.2.5) lib/active_support/cache/strategy/local_cache_middleware.rb:28:in `call'
  rack (1.6.4) lib/rack/lock.rb:17:in `call'
  actionpack (4.2.5) lib/action_dispatch/middleware/static.rb:116:in `call'
  rack (1.6.4) lib/rack/sendfile.rb:113:in `call'
  railties (4.2.5) lib/rails/engine.rb:518:in `call'
  railties (4.2.5) lib/rails/application.rb:165:in `call'
  rack (1.6.4) lib/rack/lock.rb:17:in `call'
  rack (1.6.4) lib/rack/content_length.rb:15:in `call'
  rack (1.6.4) lib/rack/handler/webrick.rb:88:in `service'
  /Users/veronicali/.rvm/rubies/ruby-2.2.3/lib/ruby/2.2.0/webrick/httpserver.rb:138:in `service'
  /Users/veronicali/.rvm/rubies/ruby-2.2.3/lib/ruby/2.2.0/webrick/httpserver.rb:94:in `run'
  /Users/veronicali/.rvm/rubies/ruby-2.2.3/lib/ruby/2.2.0/webrick/server.rb:294:in `block in start_thread'


  Rendered /Users/veronicali/.rvm/gems/ruby-2.2.3/gems/actionpack-4.2.5/lib/action_dispatch/middleware/templates/rescues/unknown_action.html.erb within rescues/layout (0.5ms)
  Rendered /Users/veronicali/.rvm/gems/ruby-2.2.3/gems/web-console-2.2.1/lib/web_console/templates/_markup.html.erb (0.3ms)
  Rendered /Users/veronicali/.rvm/gems/ruby-2.2.3/gems/web-console-2.2.1/lib/web_console/templates/_inner_console_markup.html.erb within layouts/inlined_string (0.3ms)
  Rendered /Users/veronicali/.rvm/gems/ruby-2.2.3/gems/web-console-2.2.1/lib/web_console/templates/_prompt_box_markup.html.erb within layouts/inlined_string (0.3ms)
  Rendered /Users/veronicali/.rvm/gems/ruby-2.2.3/gems/web-console-2.2.1/lib/web_console/templates/style.css.erb within layouts/inlined_string (0.5ms)
  Rendered /Users/veronicali/.rvm/gems/ruby-2.2.3/gems/web-console-2.2.1/lib/web_console/templates/console.js.erb within layouts/javascript (46.4ms)
  Rendered /Users/veronicali/.rvm/gems/ruby-2.2.3/gems/web-console-2.2.1/lib/web_console/templates/main.js.erb within layouts/javascript (0.3ms)
  Rendered /Users/veronicali/.rvm/gems/ruby-2.2.3/gems/web-console-2.2.1/lib/web_console/templates/error_page.js.erb within layouts/javascript (1.7ms)
  Rendered /Users/veronicali/.rvm/gems/ruby-2.2.3/gems/web-console-2.2.1/lib/web_console/templates/index.html.erb (113.8ms)


Started GET "/posts/new" for ::1 at 2016-08-20 17:38:42 -0400
Processing by PostsController#new as HTML
  Rendered posts/new.html.erb within layouts/application (0.5ms)
Completed 200 OK in 20ms (Views: 18.1ms | ActiveRecord: 0.0ms)


Started GET "/posts/new?post_title=Title+10&post_description=Desc+10" for ::1 at 2016-08-20 17:38:52 -0400
Processing by PostsController#new as HTML
  Parameters: {"post_title"=>"Title 10", "post_description"=>"Desc 10"}
  Rendered posts/new.html.erb within layouts/application (0.2ms)
Completed 200 OK in 22ms (Views: 20.7ms | ActiveRecord: 0.0ms)


Started GET "/posts/new?post_title=&post_description=" for ::1 at 2016-08-20 17:38:55 -0400
Processing by PostsController#new as HTML
  Parameters: {"post_title"=>"", "post_description"=>""}
  Rendered posts/new.html.erb within layouts/application (0.3ms)
Completed 200 OK in 22ms (Views: 21.3ms | ActiveRecord: 0.0ms)


Started GET "/posts/new?post_title=&post_description=" for ::1 at 2016-08-20 17:38:58 -0400
Processing by PostsController#new as HTML
  Parameters: {"post_title"=>"", "post_description"=>""}
  Rendered posts/new.html.erb within layouts/application (0.3ms)
Completed 200 OK in 22ms (Views: 20.9ms | ActiveRecord: 0.0ms)


Started GET "/posts/new?post_title=&post_description=" for ::1 at 2016-08-20 17:38:59 -0400
Processing by PostsController#new as HTML
  Parameters: {"post_title"=>"", "post_description"=>""}
  Rendered posts/new.html.erb within layouts/application (0.2ms)
Completed 200 OK in 14ms (Views: 13.8ms | ActiveRecord: 0.0ms)


Started GET "/posts/new?post_title=Title+12&post_description=Desc+12" for ::1 at 2016-08-20 17:41:12 -0400
Processing by PostsController#new as HTML
  Parameters: {"post_title"=>"Title 12", "post_description"=>"Desc 12"}
  Rendered posts/new.html.erb within layouts/application (0.4ms)
Completed 200 OK in 13ms (Views: 12.5ms | ActiveRecord: 0.0ms)


Started GET "/posts/new?post_title=Title+13&post_description=Desc+13" for ::1 at 2016-08-20 17:41:25 -0400
Processing by PostsController#new as HTML
  Parameters: {"post_title"=>"Title 13", "post_description"=>"Desc 13"}
  Rendered posts/new.html.erb within layouts/application (0.3ms)
Completed 200 OK in 13ms (Views: 12.9ms | ActiveRecord: 0.0ms)


Started GET "/posts/new" for ::1 at 2016-08-20 17:43:29 -0400
  [1m[36mActiveRecord::SchemaMigration Load (0.1ms)[0m  [1mSELECT "schema_migrations".* FROM "schema_migrations"[0m
Processing by PostsController#new as HTML
  Rendered posts/new.html.erb within layouts/application (1.4ms)
Completed 200 OK in 199ms (Views: 190.5ms | ActiveRecord: 0.0ms)


Started GET "/posts/new?post_title=Title+14&post_description=Desc+14" for ::1 at 2016-08-20 17:43:36 -0400
Processing by PostsController#new as HTML
  Parameters: {"post_title"=>"Title 14", "post_description"=>"Desc 14"}
  Rendered posts/new.html.erb within layouts/application (0.3ms)
Completed 200 OK in 13ms (Views: 12.0ms | ActiveRecord: 0.0ms)


Started GET "/posts/new" for ::1 at 2016-08-20 17:43:44 -0400
Processing by PostsController#new as HTML
  Rendered posts/new.html.erb within layouts/application (0.2ms)
Completed 200 OK in 12ms (Views: 11.2ms | ActiveRecord: 0.0ms)


Started GET "/posts/new?post_title=Title+15&post_description=Desc+15" for ::1 at 2016-08-20 17:43:54 -0400
Processing by PostsController#new as HTML
  Parameters: {"post_title"=>"Title 15", "post_description"=>"Desc 15"}
  Rendered posts/new.html.erb within layouts/application (0.2ms)
Completed 200 OK in 15ms (Views: 12.2ms | ActiveRecord: 0.0ms)


Started GET "/posts/new?post_title=Title+14&post_description=Desc+14" for ::1 at 2016-08-20 17:44:11 -0400
Processing by PostsController#new as HTML
  Parameters: {"post_title"=>"Title 14", "post_description"=>"Desc 14"}
  Rendered posts/new.html.erb within layouts/application (0.2ms)
Completed 200 OK in 16ms (Views: 15.5ms | ActiveRecord: 0.0ms)


Started GET "/posts/new?post_title=Title+14&post_description=Desc+14" for ::1 at 2016-08-20 17:44:14 -0400
Processing by PostsController#new as HTML
  Parameters: {"post_title"=>"Title 14", "post_description"=>"Desc 14"}
  Rendered posts/new.html.erb within layouts/application (0.3ms)
Completed 200 OK in 21ms (Views: 20.0ms | ActiveRecord: 0.0ms)


Started GET "/posts/new" for ::1 at 2016-08-20 17:44:22 -0400
Processing by PostsController#new as HTML
  Rendered posts/new.html.erb within layouts/application (0.8ms)
Completed 200 OK in 25ms (Views: 24.3ms | ActiveRecord: 0.0ms)


Started GET "/posts/new?post_title=Title+17&post_description=Desc+17" for ::1 at 2016-08-20 17:44:31 -0400
Processing by PostsController#new as HTML
  Parameters: {"post_title"=>"Title 17", "post_description"=>"Desc 17"}
  Rendered posts/new.html.erb within layouts/application (0.2ms)
Completed 200 OK in 19ms (Views: 18.3ms | ActiveRecord: 0.0ms)


Started GET "/posts/new" for ::1 at 2016-08-20 17:44:35 -0400
Processing by PostsController#new as HTML
  Rendered posts/new.html.erb within layouts/application (0.7ms)
Completed 200 OK in 24ms (Views: 22.9ms | ActiveRecord: 0.0ms)


Started GET "/posts/new?post_title=Title+18&post_description=Desc+18" for ::1 at 2016-08-20 17:44:44 -0400
Processing by PostsController#new as HTML
  Parameters: {"post_title"=>"Title 18", "post_description"=>"Desc 18"}
  Rendered posts/new.html.erb within layouts/application (0.3ms)
Completed 200 OK in 16ms (Views: 15.1ms | ActiveRecord: 0.0ms)


Started GET "/posts/new?post_title=Title+18&post_description=Desc+18" for ::1 at 2016-08-20 17:44:49 -0400
Processing by PostsController#new as HTML
  Parameters: {"post_title"=>"Title 18", "post_description"=>"Desc 18"}
  Rendered posts/new.html.erb within layouts/application (0.2ms)
Completed 200 OK in 22ms (Views: 21.4ms | ActiveRecord: 0.0ms)


Started GET "/posts/new" for ::1 at 2016-08-20 17:45:33 -0400
Processing by PostsController#new as HTML
  Rendered posts/new.html.erb within layouts/application (1.8ms)
Completed 200 OK in 19ms (Views: 18.2ms | ActiveRecord: 0.0ms)


Started GET "/posts/new?post_title=titleeee&post_description=tired+of+writing+this" for ::1 at 2016-08-20 17:45:45 -0400
Processing by PostsController#new as HTML
  Parameters: {"post_title"=>"titleeee", "post_description"=>"tired of writing this"}
  Rendered posts/new.html.erb within layouts/application (0.1ms)
Completed 200 OK in 14ms (Views: 13.5ms | ActiveRecord: 0.0ms)


Started GET "/posts/new" for ::1 at 2016-08-20 17:45:52 -0400
Processing by PostsController#new as HTML
  Rendered posts/new.html.erb within layouts/application (0.2ms)
Completed 200 OK in 14ms (Views: 13.4ms | ActiveRecord: 0.0ms)


Started GET "/posts/new" for ::1 at 2016-08-20 17:45:52 -0400
Processing by PostsController#new as HTML
  Rendered posts/new.html.erb within layouts/application (0.4ms)
Completed 200 OK in 13ms (Views: 12.5ms | ActiveRecord: 0.0ms)


Started GET "/posts/new?post_title=sldkfj&post_description=asl%3Bfjal%3Bsfja" for ::1 at 2016-08-20 17:45:56 -0400
Processing by PostsController#new as HTML
  Parameters: {"post_title"=>"sldkfj", "post_description"=>"asl;fjal;sfja"}
  Rendered posts/new.html.erb within layouts/application (0.2ms)
Completed 200 OK in 14ms (Views: 13.8ms | ActiveRecord: 0.0ms)


Started GET "/posts/new" for ::1 at 2016-08-20 17:46:01 -0400
Processing by PostsController#new as HTML
  Rendered posts/new.html.erb within layouts/application (0.2ms)
Completed 200 OK in 15ms (Views: 14.7ms | ActiveRecord: 0.0ms)


Started GET "/posts/new" for ::1 at 2016-08-20 17:46:01 -0400
Processing by PostsController#new as HTML
  Rendered posts/new.html.erb within layouts/application (0.2ms)
Completed 200 OK in 14ms (Views: 13.6ms | ActiveRecord: 0.0ms)


Started GET "/posts/new?post_title=sldkfj&post_description=dkkemv" for ::1 at 2016-08-20 17:46:06 -0400
Processing by PostsController#new as HTML
  Parameters: {"post_title"=>"sldkfj", "post_description"=>"dkkemv"}
  Rendered posts/new.html.erb within layouts/application (0.2ms)
Completed 200 OK in 15ms (Views: 14.2ms | ActiveRecord: 0.0ms)


Started GET "/posts/new" for ::1 at 2016-08-20 17:50:24 -0400
Processing by PostsController#new as HTML
  Rendered posts/new.html.erb within layouts/application (0.2ms)
Completed 200 OK in 13ms (Views: 12.4ms | ActiveRecord: 0.0ms)


Started GET "/posts/new" for ::1 at 2016-08-20 18:13:56 -0400
  [1m[36mActiveRecord::SchemaMigration Load (0.1ms)[0m  [1mSELECT "schema_migrations".* FROM "schema_migrations"[0m
Processing by PostsController#new as HTML
  Rendered posts/new.html.erb within layouts/application (1.6ms)
Completed 200 OK in 212ms (Views: 204.2ms | ActiveRecord: 0.0ms)


Started POST "/posts" for ::1 at 2016-08-20 18:14:03 -0400
Processing by PostsController#create as HTML
  Parameters: {"utf8"=>"✓", "authenticity_token"=>"rn2y1jGhh3vR6Ju6hNJ073lBEq4nREjmSgKY3utZqEpmnQaRWMXCtmYmLNI5Okw1DLAD+PfkIGsqSTM1nYLotw==", "title"=>"Title 21", "description"=>"desc", "commit"=>"Submit Post"}
Redirected to http://localhost:3000/posts/new?post%5Baction%5D=create&post%5Bauthenticity_token%5D=rn2y1jGhh3vR6Ju6hNJ073lBEq4nREjmSgKY3utZqEpmnQaRWMXCtmYmLNI5Okw1DLAD%2BPfkIGsqSTM1nYLotw%3D%3D&post%5Bcommit%5D=Submit+Post&post%5Bcontroller%5D=posts&post%5Bdescription%5D=desc&post%5Btitle%5D=Title+21&post%5Butf8%5D=%E2%9C%93
Completed 302 Found in 2ms (ActiveRecord: 0.0ms)


Started GET "/posts/new?post%5Baction%5D=create&post%5Bauthenticity_token%5D=rn2y1jGhh3vR6Ju6hNJ073lBEq4nREjmSgKY3utZqEpmnQaRWMXCtmYmLNI5Okw1DLAD%2BPfkIGsqSTM1nYLotw%3D%3D&post%5Bcommit%5D=Submit+Post&post%5Bcontroller%5D=posts&post%5Bdescription%5D=desc&post%5Btitle%5D=Title+21&post%5Butf8%5D=%E2%9C%93" for ::1 at 2016-08-20 18:14:03 -0400
Processing by PostsController#new as HTML
  Parameters: {"post"=>{"action"=>"create", "authenticity_token"=>"rn2y1jGhh3vR6Ju6hNJ073lBEq4nREjmSgKY3utZqEpmnQaRWMXCtmYmLNI5Okw1DLAD+PfkIGsqSTM1nYLotw==", "commit"=>"Submit Post", "controller"=>"posts", "description"=>"desc", "title"=>"Title 21", "utf8"=>"✓"}}
  Rendered posts/new.html.erb within layouts/application (0.5ms)
Completed 200 OK in 13ms (Views: 12.0ms | ActiveRecord: 0.0ms)


Started GET "/posts/new" for ::1 at 2016-08-20 18:15:46 -0400
Processing by PostsController#new as HTML
  Rendered posts/new.html.erb within layouts/application (1.1ms)
Completed 200 OK in 13ms (Views: 12.1ms | ActiveRecord: 0.0ms)


Started GET "/posts/new?title=post+100&description=des&authenticity_token=No7pBG8TehWI%2BTmN5J1mR%2FngH%2Fsvz9u%2BFMWLpsYO7wX%2Bbl1DBnc%2F2D83juVZdV6djBEOrf9vszN0jiBNsNWv%2BA%3D%3D" for ::1 at 2016-08-20 18:15:53 -0400
Processing by PostsController#new as HTML
  Parameters: {"title"=>"post 100", "description"=>"des", "authenticity_token"=>"No7pBG8TehWI+TmN5J1mR/ngH/svz9u+FMWLpsYO7wX+bl1DBnc/2D83juVZdV6djBEOrf9vszN0jiBNsNWv+A=="}
  Rendered posts/new.html.erb within layouts/application (0.7ms)
Completed 200 OK in 21ms (Views: 20.1ms | ActiveRecord: 0.0ms)
